<?xml version="1.0" encoding="UTF-8"?>
<!-- Generated by org.testng.reporters.JUnitXMLReporter -->
<testsuite ignored="2" hostname="DESKTOP-Q28BER4" failures="0" tests="1" name="Test" time="17.459" errors="0" timestamp="2023-09-22T12:40:01 IST">
  <testcase classname="com.comcast.crm.contatct_test.CreateContactTest" name="createContactTest" time="9.98"/>
  <testcase classname="com.comcast.crm.contatct_test.CreateContactTest" name="createContactWithSupportDate" time="0.0">
    <ignored/>
  </testcase> <!-- createContactWithSupportDate -->
  <testcase classname="com.comcast.crm.contatct_test.CreateContactTest" name="createContactWithOrgName" time="0.0">
    <ignored/>
  </testcase> <!-- createContactWithOrgName -->
</testsuite> <!-- Test -->
