<?xml version="1.0" encoding="UTF-8"?>
<testng-results ignored="0" total="1" passed="1" failed="0" skipped="0">
  <reporter-output>
  </reporter-output>
  <suite started-at="2023-09-22T12:39:43 IST" name="Suite" finished-at="2023-09-22T12:40:01 IST" duration-ms="17459">
    <groups>
      <group name="Smoke">
        <method signature="CreateContactTest.createContactTest()[pri:0, instance:com.comcast.crm.contatct_test.CreateContactTest@79e4c792]" name="createContactTest" class="com.comcast.crm.contatct_test.CreateContactTest"/>
      </group> <!-- Smoke -->
    </groups>
    <test started-at="2023-09-22T12:39:43 IST" name="Test" finished-at="2023-09-22T12:40:01 IST" duration-ms="17459">
      <class name="com.comcast.crm.contatct_test.CreateContactTest">
        <test-method is-config="true" signature="configureBS()[pri:0, instance:com.comcast.crm.contatct_test.CreateContactTest@79e4c792]" started-at="2023-09-22T12:39:43 IST" name="configureBS" finished-at="2023-09-22T12:39:43 IST" duration-ms="10" status="PASS">
          <reporter-output>
          </reporter-output>
        </test-method> <!-- configureBS -->
        <test-method is-config="true" signature="configBS()[pri:0, instance:com.comcast.crm.contatct_test.CreateContactTest@79e4c792]" started-at="2023-09-22T12:39:43 IST" name="configBS" finished-at="2023-09-22T12:39:46 IST" duration-ms="2815" status="PASS">
          <reporter-output>
          </reporter-output>
        </test-method> <!-- configBS -->
        <test-method is-config="true" signature="configBM()[pri:0, instance:com.comcast.crm.contatct_test.CreateContactTest@79e4c792]" started-at="2023-09-22T12:39:46 IST" name="configBM" finished-at="2023-09-22T12:39:49 IST" duration-ms="2726" status="PASS">
          <reporter-output>
          </reporter-output>
        </test-method> <!-- configBM -->
        <test-method signature="createContactTest()[pri:0, instance:com.comcast.crm.contatct_test.CreateContactTest@79e4c792]" started-at="2023-09-22T12:39:49 IST" name="createContactTest" finished-at="2023-09-22T12:39:59 IST" duration-ms="9980" status="PASS">
          <reporter-output>
          </reporter-output>
        </test-method> <!-- createContactTest -->
        <test-method is-config="true" signature="configAM()[pri:0, instance:com.comcast.crm.contatct_test.CreateContactTest@79e4c792]" started-at="2023-09-22T12:39:59 IST" name="configAM" finished-at="2023-09-22T12:40:00 IST" duration-ms="1706" status="PASS">
          <reporter-output>
          </reporter-output>
        </test-method> <!-- configAM -->
        <test-method is-config="true" signature="configAC()[pri:0, instance:com.comcast.crm.contatct_test.CreateContactTest@79e4c792]" started-at="2023-09-22T12:40:00 IST" name="configAC" finished-at="2023-09-22T12:40:01 IST" duration-ms="193" status="PASS">
          <reporter-output>
          </reporter-output>
        </test-method> <!-- configAC -->
        <test-method is-config="true" signature="configAS()[pri:0, instance:com.comcast.crm.contatct_test.CreateContactTest@79e4c792]" started-at="2023-09-22T12:40:01 IST" name="configAS" finished-at="2023-09-22T12:40:01 IST" duration-ms="0" status="PASS">
          <reporter-output>
          </reporter-output>
        </test-method> <!-- configAS -->
      </class> <!-- com.comcast.crm.contatct_test.CreateContactTest -->
    </test> <!-- Test -->
  </suite> <!-- Suite -->
</testng-results>
